Model flow_resnet18 is loaded. 
Saving everything to directory ./checkpoints_save/checkpoints_run_more_validation/.
1232 samples found, 1078 train samples and 154 test samples.
Current learning rate is 0.010000:
Epoch: [100][50/109]  Time 47.309 (57.772)  Loss 0.6924 (0.6407)  Prec@1 76.000 (77.800)
Epoch: [100][100/109] Time 50.772 (63.196)  Loss 1.1294 (0.6723)  Prec@1 64.000 (76.900)
Current learning rate is 0.010000:
Epoch: [101][50/109]  Time 28.586 (23.068)  Loss 0.8406 (0.7042)  Prec@1 74.000 (78.200)
Epoch: [101][100/109] Time 17.146 (21.952)  Loss 0.6102 (0.7033)  Prec@1 84.000 (78.200)
Current learning rate is 0.010000:
Epoch: [102][50/109]  Time 21.567 (19.267)  Loss 0.5519 (0.6194)  Prec@1 84.000 (78.200)
Epoch: [102][100/109] Time 12.482 (18.175)  Loss 0.5233 (0.6563)  Prec@1 80.000 (77.200)
Current learning rate is 0.010000:
Epoch: [103][50/109]  Time 16.186 (18.598)  Loss 0.8077 (0.6408)  Prec@1 76.000 (79.800)
Epoch: [103][100/109] Time 13.239 (17.486)  Loss 0.5444 (0.6240)  Prec@1 80.000 (80.200)
Current learning rate is 0.010000:
Epoch: [104][50/109]  Time 19.742 (18.038)  Loss 0.4879 (0.5395)  Prec@1 86.000 (84.600)
Epoch: [104][100/109] Time 14.709 (17.235)  Loss 0.5841 (0.6189)  Prec@1 84.000 (80.600)
Current learning rate is 0.010000:
Epoch: [105][50/109]  Time 12.760 (17.704)  Loss 0.5685 (0.5617)  Prec@1 76.000 (81.800)
Epoch: [105][100/109] Time 13.227 (17.076)  Loss 0.6878 (0.5975)  Prec@1 80.000 (81.000)
Current learning rate is 0.010000:
Epoch: [106][50/109]  Time 13.790 (18.040)  Loss 0.3569 (0.5309)  Prec@1 88.000 (83.000)
Epoch: [106][100/109] Time 12.848 (17.151)  Loss 0.6199 (0.5789)  Prec@1 78.000 (80.800)
Current learning rate is 0.010000:
Epoch: [107][50/109]  Time 13.746 (17.785)  Loss 0.6698 (0.6359)  Prec@1 80.000 (77.800)
Epoch: [107][100/109] Time 14.064 (17.128)  Loss 0.4187 (0.6068)  Prec@1 88.000 (79.300)
Current learning rate is 0.010000:
Epoch: [108][50/109]  Time 13.288 (17.960)  Loss 0.6498 (0.6209)  Prec@1 76.000 (79.000)
Epoch: [108][100/109] Time 13.319 (17.246)  Loss 0.4377 (0.6045)  Prec@1 88.000 (80.000)
Current learning rate is 0.010000:
Epoch: [109][50/109]  Time 14.296 (17.661)  Loss 0.5361 (0.6213)  Prec@1 84.000 (80.200)
Epoch: [109][100/109] Time 13.021 (17.153)  Loss 0.6984 (0.6268)  Prec@1 78.000 (79.000)
Current learning rate is 0.010000:
Epoch: [110][50/109]  Time 13.338 (17.836)  Loss 0.4826 (0.5672)  Prec@1 86.000 (81.600)
Epoch: [110][100/109] Time 14.258 (17.066)  Loss 0.4208 (0.5652)  Prec@1 90.000 (81.000)
Current learning rate is 0.010000:
Epoch: [111][50/109]  Time 16.375 (17.895)  Loss 0.5227 (0.5196)  Prec@1 80.000 (81.200)
Epoch: [111][100/109] Time 13.331 (17.045)  Loss 0.6403 (0.5671)  Prec@1 76.000 (79.600)
Current learning rate is 0.010000:
Epoch: [112][50/109]  Time 14.356 (17.917)  Loss 0.5352 (0.5321)  Prec@1 80.000 (82.600)
Epoch: [112][100/109] Time 13.502 (17.044)  Loss 0.5672 (0.5565)  Prec@1 78.000 (82.400)
Current learning rate is 0.010000:
Epoch: [113][50/109]  Time 13.519 (17.882)  Loss 0.8142 (0.5487)  Prec@1 66.000 (80.200)
Epoch: [113][100/109] Time 13.403 (17.120)  Loss 0.6694 (0.5550)  Prec@1 78.000 (80.700)
Current learning rate is 0.010000:
Epoch: [114][50/109]  Time 13.422 (17.872)  Loss 0.8180 (0.5950)  Prec@1 74.000 (79.400)
Epoch: [114][100/109] Time 14.163 (17.141)  Loss 0.4424 (0.5960)  Prec@1 90.000 (79.600)
Current learning rate is 0.010000:
Epoch: [115][50/109]  Time 13.584 (17.795)  Loss 0.5929 (0.6024)  Prec@1 80.000 (81.000)
Epoch: [115][100/109] Time 13.644 (17.087)  Loss 0.8332 (0.5852)  Prec@1 72.000 (81.300)
Current learning rate is 0.010000:
Epoch: [116][50/109]  Time 14.073 (17.786)  Loss 0.4957 (0.6135)  Prec@1 86.000 (79.800)
Epoch: [116][100/109] Time 13.306 (17.129)  Loss 0.7085 (0.5719)  Prec@1 78.000 (81.200)
Current learning rate is 0.010000:
Epoch: [117][50/109]  Time 15.432 (17.885)  Loss 0.6821 (0.5743)  Prec@1 86.000 (82.400)
Epoch: [117][100/109] Time 14.374 (17.058)  Loss 0.3342 (0.5551)  Prec@1 86.000 (82.300)
Current learning rate is 0.010000:
Epoch: [118][50/109]  Time 13.013 (17.927)  Loss 0.5499 (0.5023)  Prec@1 86.000 (83.600)
Epoch: [118][100/109] Time 13.438 (17.111)  Loss 0.6475 (0.5384)  Prec@1 76.000 (82.000)
Current learning rate is 0.010000:
Epoch: [119][50/109]  Time 14.930 (17.938)  Loss 0.4505 (0.5214)  Prec@1 86.000 (84.800)
Epoch: [119][100/109] Time 13.350 (17.146)  Loss 0.5957 (0.5541)  Prec@1 78.000 (82.900)
Current learning rate is 0.010000:
Epoch: [120][50/109]  Time 14.746 (17.885)  Loss 0.5074 (0.4601)  Prec@1 84.000 (85.800)
Epoch: [120][100/109] Time 13.722 (17.078)  Loss 0.6153 (0.5512)  Prec@1 78.000 (82.100)
Current learning rate is 0.010000:
Epoch: [121][50/109]  Time 17.094 (18.161)  Loss 0.3912 (0.4906)  Prec@1 86.000 (84.000)
Epoch: [121][100/109] Time 13.696 (17.195)  Loss 0.5243 (0.4935)  Prec@1 76.000 (83.800)
Current learning rate is 0.010000:
Epoch: [122][50/109]  Time 16.708 (17.703)  Loss 0.5845 (0.4878)  Prec@1 80.000 (83.000)
Epoch: [122][100/109] Time 14.770 (17.077)  Loss 0.6986 (0.5125)  Prec@1 72.000 (83.200)
Current learning rate is 0.010000:
Epoch: [123][50/109]  Time 12.745 (17.790)  Loss 0.6063 (0.5148)  Prec@1 74.000 (82.200)
Epoch: [123][100/109] Time 13.666 (17.188)  Loss 0.7090 (0.5460)  Prec@1 82.000 (80.400)
Current learning rate is 0.010000:
Epoch: [124][50/109]  Time 13.421 (17.879)  Loss 0.5095 (0.4676)  Prec@1 84.000 (85.200)
Epoch: [124][100/109] Time 13.810 (17.159)  Loss 0.5359 (0.4552)  Prec@1 84.000 (85.600)
Test: [0/16]  Time 45.465 (45.465)  Loss 0.4319 (0.4319)  Prec@1 70.000 (70.000)  Prec@3 100.000 (100.000)
 * Prec@1 89.610 Prec@3 98.701
Current learning rate is 0.010000:
Epoch: [125][50/109]  Time 21.611 (17.659)  Loss 0.3032 (0.4209)  Prec@1 92.000 (86.600)
Epoch: [125][100/109] Time 13.289 (17.157)  Loss 0.5615 (0.4632)  Prec@1 78.000 (85.100)
Current learning rate is 0.010000:
Epoch: [126][50/109]  Time 14.147 (17.191)  Loss 0.3489 (0.4459)  Prec@1 88.000 (85.800)
Epoch: [126][100/109] Time 22.483 (17.059)  Loss 0.4232 (0.4424)  Prec@1 86.000 (86.600)
Current learning rate is 0.010000:
Epoch: [127][50/109]  Time 11.853 (17.372)  Loss 0.3472 (0.4522)  Prec@1 90.000 (84.000)
Epoch: [127][100/109] Time 13.400 (16.861)  Loss 0.5675 (0.4840)  Prec@1 82.000 (82.800)
Current learning rate is 0.010000:
Epoch: [128][50/109]  Time 12.980 (17.589)  Loss 0.6552 (0.5302)  Prec@1 84.000 (82.000)
Epoch: [128][100/109] Time 13.939 (16.908)  Loss 0.6288 (0.5133)  Prec@1 76.000 (83.400)
Current learning rate is 0.010000:
Epoch: [129][50/109]  Time 13.460 (17.764)  Loss 0.6751 (0.4313)  Prec@1 70.000 (83.600)
Epoch: [129][100/109] Time 17.027 (16.926)  Loss 0.5392 (0.4387)  Prec@1 84.000 (85.200)
Current learning rate is 0.010000:
Epoch: [130][50/109]  Time 13.572 (17.636)  Loss 0.6627 (0.4544)  Prec@1 78.000 (84.800)
Epoch: [130][100/109] Time 12.429 (17.057)  Loss 0.3976 (0.4870)  Prec@1 90.000 (83.600)
Current learning rate is 0.010000:
Epoch: [131][50/109]  Time 17.888 (17.490)  Loss 0.4202 (0.4967)  Prec@1 86.000 (83.800)
Epoch: [131][100/109] Time 14.128 (16.858)  Loss 0.2749 (0.4564)  Prec@1 92.000 (84.900)
Current learning rate is 0.010000:
Epoch: [132][50/109]  Time 14.932 (17.632)  Loss 0.3314 (0.5008)  Prec@1 92.000 (82.200)
Epoch: [132][100/109] Time 13.379 (17.128)  Loss 0.2885 (0.4865)  Prec@1 94.000 (83.700)
Current learning rate is 0.010000:
Epoch: [133][50/109]  Time 15.196 (17.515)  Loss 0.5274 (0.4419)  Prec@1 84.000 (85.000)
Epoch: [133][100/109] Time 13.349 (17.040)  Loss 0.2800 (0.4266)  Prec@1 92.000 (85.000)
Current learning rate is 0.010000:
Epoch: [134][50/109]  Time 12.745 (17.508)  Loss 0.3491 (0.3920)  Prec@1 90.000 (87.400)
Epoch: [134][100/109] Time 13.335 (16.839)  Loss 0.5280 (0.4392)  Prec@1 84.000 (85.500)
Current learning rate is 0.010000:
Epoch: [135][50/109]  Time 13.579 (17.745)  Loss 0.5090 (0.4500)  Prec@1 80.000 (85.000)
Epoch: [135][100/109] Time 12.996 (16.991)  Loss 0.7295 (0.4672)  Prec@1 78.000 (85.100)
Current learning rate is 0.010000:
Epoch: [136][50/109]  Time 19.048 (17.844)  Loss 0.5131 (0.4665)  Prec@1 82.000 (85.400)
Epoch: [136][100/109] Time 13.656 (17.017)  Loss 0.5176 (0.4543)  Prec@1 88.000 (86.100)
Current learning rate is 0.010000:
Epoch: [137][50/109]  Time 13.808 (17.695)  Loss 0.5295 (0.4740)  Prec@1 86.000 (84.600)
Epoch: [137][100/109] Time 12.987 (16.894)  Loss 0.2499 (0.4425)  Prec@1 96.000 (85.900)
Current learning rate is 0.010000:
Epoch: [138][50/109]  Time 13.236 (18.020)  Loss 0.3460 (0.4223)  Prec@1 88.000 (85.800)
Epoch: [138][100/109] Time 13.486 (17.146)  Loss 0.4754 (0.4110)  Prec@1 84.000 (86.200)
Current learning rate is 0.010000:
Epoch: [139][50/109]  Time 13.863 (17.867)  Loss 0.2415 (0.3861)  Prec@1 94.000 (87.600)
Epoch: [139][100/109] Time 14.386 (17.033)  Loss 0.3758 (0.4014)  Prec@1 84.000 (86.600)
Current learning rate is 0.010000:
Epoch: [140][50/109]  Time 15.684 (17.771)  Loss 0.2088 (0.3775)  Prec@1 92.000 (86.200)
Epoch: [140][100/109] Time 13.150 (17.062)  Loss 0.4963 (0.4043)  Prec@1 84.000 (85.300)
Current learning rate is 0.010000:
Epoch: [141][50/109]  Time 13.831 (17.403)  Loss 0.4936 (0.4322)  Prec@1 86.000 (87.200)
Epoch: [141][100/109] Time 12.773 (17.033)  Loss 0.2964 (0.4219)  Prec@1 94.000 (87.100)
Current learning rate is 0.010000:
Epoch: [142][50/109]  Time 19.462 (18.081)  Loss 0.4441 (0.4497)  Prec@1 78.000 (84.200)
Epoch: [142][100/109] Time 13.739 (16.961)  Loss 0.3236 (0.4066)  Prec@1 90.000 (85.900)
Current learning rate is 0.010000:
Epoch: [143][50/109]  Time 13.984 (17.372)  Loss 0.3311 (0.3571)  Prec@1 88.000 (87.200)
Epoch: [143][100/109] Time 13.539 (17.086)  Loss 0.3610 (0.4161)  Prec@1 86.000 (86.100)
Current learning rate is 0.010000:
Epoch: [144][50/109]  Time 13.530 (17.718)  Loss 0.5418 (0.4469)  Prec@1 82.000 (84.200)
Epoch: [144][100/109] Time 14.538 (17.039)  Loss 0.3272 (0.4076)  Prec@1 88.000 (86.300)
Current learning rate is 0.010000:
Epoch: [145][50/109]  Time 13.350 (17.909)  Loss 0.3707 (0.4835)  Prec@1 84.000 (83.400)
Epoch: [145][100/109] Time 13.294 (17.088)  Loss 0.8076 (0.4523)  Prec@1 78.000 (84.800)
Current learning rate is 0.010000:
Epoch: [146][50/109]  Time 13.293 (17.877)  Loss 0.4647 (0.3696)  Prec@1 84.000 (88.200)
Epoch: [146][100/109] Time 13.093 (17.032)  Loss 0.4654 (0.4003)  Prec@1 86.000 (87.200)
Current learning rate is 0.010000:
Epoch: [147][50/109]  Time 21.711 (17.639)  Loss 0.3602 (0.3872)  Prec@1 86.000 (86.200)
Epoch: [147][100/109] Time 12.960 (16.796)  Loss 0.2592 (0.3932)  Prec@1 94.000 (86.400)
Current learning rate is 0.010000:
Epoch: [148][50/109]  Time 14.183 (18.124)  Loss 0.2772 (0.3708)  Prec@1 90.000 (87.600)
Epoch: [148][100/109] Time 15.467 (17.905)  Loss 0.3420 (0.3691)  Prec@1 92.000 (87.900)
Current learning rate is 0.010000:
Epoch: [149][50/109]  Time 13.444 (17.914)  Loss 0.2377 (0.3849)  Prec@1 92.000 (89.400)
Epoch: [149][100/109] Time 14.084 (17.184)  Loss 0.3699 (0.4295)  Prec@1 86.000 (86.200)
Test: [0/16]  Time 48.429 (48.429)  Loss 0.5036 (0.5036)  Prec@1 90.000 (90.000)  Prec@3 100.000 (100.000)
 * Prec@1 86.364 Prec@3 98.052
Current learning rate is 0.001000:
Epoch: [150][50/109]  Time 23.447 (18.208)  Loss 0.1752 (0.3054)  Prec@1 96.000 (90.000)
Epoch: [150][100/109] Time 11.634 (17.699)  Loss 0.3043 (0.2951)  Prec@1 92.000 (91.000)
Current learning rate is 0.001000:
Epoch: [151][50/109]  Time 17.504 (17.979)  Loss 0.2185 (0.3382)  Prec@1 96.000 (88.600)
Epoch: [151][100/109] Time 28.596 (17.657)  Loss 0.2744 (0.3073)  Prec@1 92.000 (89.900)
Current learning rate is 0.001000:
Epoch: [152][50/109]  Time 13.452 (18.036)  Loss 0.2025 (0.2396)  Prec@1 92.000 (93.000)
Epoch: [152][100/109] Time 14.516 (17.132)  Loss 0.2832 (0.2509)  Prec@1 90.000 (92.500)
Current learning rate is 0.001000:
Epoch: [153][50/109]  Time 13.712 (17.751)  Loss 0.2169 (0.2778)  Prec@1 96.000 (92.800)
Epoch: [153][100/109] Time 13.224 (17.089)  Loss 0.2707 (0.2575)  Prec@1 96.000 (93.200)
Current learning rate is 0.001000:
Epoch: [154][50/109]  Time 17.460 (17.918)  Loss 0.1977 (0.2364)  Prec@1 94.000 (92.200)
Epoch: [154][100/109] Time 13.740 (17.099)  Loss 0.3968 (0.2521)  Prec@1 88.000 (92.200)
Current learning rate is 0.001000:
Epoch: [155][50/109]  Time 11.205 (17.576)  Loss 0.2413 (0.2498)  Prec@1 90.000 (90.800)
Epoch: [155][100/109] Time 14.071 (17.049)  Loss 0.3326 (0.2527)  Prec@1 90.000 (91.300)
Current learning rate is 0.001000:
Epoch: [156][50/109]  Time 13.233 (18.324)  Loss 0.2452 (0.2240)  Prec@1 90.000 (93.200)
Epoch: [156][100/109] Time 13.734 (17.189)  Loss 0.2884 (0.2322)  Prec@1 90.000 (93.300)
Current learning rate is 0.001000:
Epoch: [157][50/109]  Time 13.464 (17.542)  Loss 0.1878 (0.2513)  Prec@1 90.000 (92.600)
Epoch: [157][100/109] Time 19.740 (17.369)  Loss 0.2484 (0.2410)  Prec@1 94.000 (93.500)
Current learning rate is 0.001000:
Epoch: [158][50/109]  Time 13.157 (17.650)  Loss 0.1913 (0.2082)  Prec@1 96.000 (93.400)
Epoch: [158][100/109] Time 18.945 (17.148)  Loss 0.1568 (0.2149)  Prec@1 98.000 (93.500)
Current learning rate is 0.001000:
Epoch: [159][50/109]  Time 20.466 (17.980)  Loss 0.3381 (0.1876)  Prec@1 88.000 (94.400)
Epoch: [159][100/109] Time 13.084 (17.019)  Loss 0.2293 (0.2053)  Prec@1 96.000 (93.400)
Current learning rate is 0.001000:
Epoch: [160][50/109]  Time 15.948 (17.555)  Loss 0.3422 (0.2190)  Prec@1 88.000 (93.200)
Epoch: [160][100/109] Time 14.320 (16.932)  Loss 0.1830 (0.2417)  Prec@1 94.000 (92.000)
Current learning rate is 0.001000:
Epoch: [161][50/109]  Time 13.225 (17.904)  Loss 0.1223 (0.2127)  Prec@1 100.000 (93.200)
Epoch: [161][100/109] Time 13.570 (16.959)  Loss 0.2949 (0.2070)  Prec@1 92.000 (93.900)
Current learning rate is 0.001000:
Epoch: [162][50/109]  Time 13.315 (17.886)  Loss 0.4014 (0.2316)  Prec@1 86.000 (92.800)
Epoch: [162][100/109] Time 16.029 (17.163)  Loss 0.2117 (0.2112)  Prec@1 92.000 (92.900)
Current learning rate is 0.001000:
Epoch: [163][50/109]  Time 13.743 (17.668)  Loss 0.2256 (0.2133)  Prec@1 88.000 (94.000)
Epoch: [163][100/109] Time 13.629 (16.945)  Loss 0.1807 (0.2135)  Prec@1 94.000 (93.600)
Current learning rate is 0.001000:
Epoch: [164][50/109]  Time 13.128 (17.626)  Loss 0.0979 (0.1831)  Prec@1 100.000 (96.400)
Epoch: [164][100/109] Time 13.859 (16.942)  Loss 0.1459 (0.1871)  Prec@1 98.000 (95.300)
Current learning rate is 0.001000:
Epoch: [165][50/109]  Time 14.104 (17.673)  Loss 0.2800 (0.2178)  Prec@1 88.000 (93.400)
Epoch: [165][100/109] Time 13.712 (16.905)  Loss 0.2051 (0.2142)  Prec@1 94.000 (93.500)
Current learning rate is 0.001000:
Epoch: [166][50/109]  Time 11.958 (17.523)  Loss 0.2938 (0.2231)  Prec@1 88.000 (93.000)
Epoch: [166][100/109] Time 15.141 (16.872)  Loss 0.1883 (0.2098)  Prec@1 94.000 (94.100)
Current learning rate is 0.001000:
Epoch: [167][50/109]  Time 14.052 (17.635)  Loss 0.3133 (0.2039)  Prec@1 94.000 (95.000)
Epoch: [167][100/109] Time 12.741 (16.898)  Loss 0.2136 (0.2092)  Prec@1 92.000 (94.500)
Current learning rate is 0.001000:
Epoch: [168][50/109]  Time 14.937 (17.721)  Loss 0.2631 (0.1843)  Prec@1 88.000 (94.800)
Epoch: [168][100/109] Time 13.714 (16.882)  Loss 0.2310 (0.1849)  Prec@1 94.000 (95.000)
Current learning rate is 0.001000:
Epoch: [169][50/109]  Time 12.783 (17.462)  Loss 0.0973 (0.1632)  Prec@1 100.000 (96.200)
Epoch: [169][100/109] Time 13.181 (17.116)  Loss 0.1928 (0.1746)  Prec@1 94.000 (95.300)
Current learning rate is 0.001000:
Epoch: [170][50/109]  Time 13.441 (17.539)  Loss 0.1611 (0.1643)  Prec@1 94.000 (95.400)
Epoch: [170][100/109] Time 13.565 (16.908)  Loss 0.2591 (0.1856)  Prec@1 94.000 (94.500)
Current learning rate is 0.001000:
Epoch: [171][50/109]  Time 13.365 (17.616)  Loss 0.1606 (0.2066)  Prec@1 96.000 (94.600)
Epoch: [171][100/109] Time 12.321 (16.879)  Loss 0.2664 (0.2225)  Prec@1 90.000 (93.600)
Current learning rate is 0.001000:
Epoch: [172][50/109]  Time 14.185 (17.734)  Loss 0.3537 (0.1679)  Prec@1 90.000 (97.000)
Epoch: [172][100/109] Time 15.221 (16.907)  Loss 0.1504 (0.1764)  Prec@1 98.000 (96.100)
Current learning rate is 0.001000:
Epoch: [173][50/109]  Time 13.589 (17.500)  Loss 0.2257 (0.1910)  Prec@1 94.000 (94.400)
Epoch: [173][100/109] Time 13.797 (16.734)  Loss 0.1712 (0.2053)  Prec@1 98.000 (93.300)
Current learning rate is 0.001000:
Epoch: [174][50/109]  Time 14.282 (17.897)  Loss 0.1331 (0.2135)  Prec@1 98.000 (94.000)
Epoch: [174][100/109] Time 13.999 (17.033)  Loss 0.1966 (0.1978)  Prec@1 94.000 (94.300)
Test: [0/16]  Time 34.720 (34.720)  Loss 0.1314 (0.1314)  Prec@1 90.000 (90.000)  Prec@3 100.000 (100.000)
 * Prec@1 85.714 Prec@3 98.701
Current learning rate is 0.001000:
Epoch: [175][50/109]  Time 18.292 (18.125)  Loss 0.2277 (0.2082)  Prec@1 94.000 (93.200)
Epoch: [175][100/109] Time 14.421 (17.429)  Loss 0.1308 (0.2066)  Prec@1 100.000 (94.000)
Current learning rate is 0.001000:
Epoch: [176][50/109]  Time 15.280 (18.002)  Loss 0.2934 (0.1815)  Prec@1 88.000 (94.800)
Epoch: [176][100/109] Time 13.133 (17.229)  Loss 0.3063 (0.1873)  Prec@1 90.000 (94.700)
Current learning rate is 0.001000:
Epoch: [177][50/109]  Time 14.705 (17.970)  Loss 0.1903 (0.1814)  Prec@1 98.000 (95.400)
Epoch: [177][100/109] Time 14.704 (17.297)  Loss 0.1831 (0.1737)  Prec@1 94.000 (95.000)
Current learning rate is 0.001000:
Epoch: [178][50/109]  Time 13.076 (17.602)  Loss 0.1470 (0.1622)  Prec@1 98.000 (95.400)
Epoch: [178][100/109] Time 14.368 (17.150)  Loss 0.2228 (0.1816)  Prec@1 94.000 (94.500)
Current learning rate is 0.001000:
Epoch: [179][50/109]  Time 16.473 (17.922)  Loss 0.1452 (0.1871)  Prec@1 98.000 (94.800)
Epoch: [179][100/109] Time 12.941 (17.024)  Loss 0.2237 (0.1862)  Prec@1 96.000 (95.100)
Current learning rate is 0.001000:
Epoch: [180][50/109]  Time 13.964 (17.823)  Loss 0.1237 (0.1868)  Prec@1 96.000 (94.000)
Epoch: [180][100/109] Time 13.401 (17.026)  Loss 0.1747 (0.2011)  Prec@1 98.000 (94.000)
Current learning rate is 0.001000:
Epoch: [181][50/109]  Time 13.550 (17.742)  Loss 0.2021 (0.1936)  Prec@1 94.000 (95.200)
Epoch: [181][100/109] Time 13.418 (17.104)  Loss 0.2227 (0.1853)  Prec@1 92.000 (94.900)
Current learning rate is 0.001000:
Epoch: [182][50/109]  Time 14.887 (17.820)  Loss 0.2204 (0.1704)  Prec@1 90.000 (95.400)
Epoch: [182][100/109] Time 13.245 (17.004)  Loss 0.1512 (0.1998)  Prec@1 98.000 (94.600)
Current learning rate is 0.001000:
Epoch: [183][50/109]  Time 13.558 (17.909)  Loss 0.1612 (0.2242)  Prec@1 98.000 (92.200)
Epoch: [183][100/109] Time 13.867 (17.124)  Loss 0.3945 (0.2164)  Prec@1 92.000 (93.300)
Current learning rate is 0.001000:
Epoch: [184][50/109]  Time 14.160 (17.740)  Loss 0.1737 (0.1907)  Prec@1 94.000 (94.600)
Epoch: [184][100/109] Time 14.125 (17.026)  Loss 0.1174 (0.1819)  Prec@1 100.000 (95.400)
Current learning rate is 0.001000:
Epoch: [185][50/109]  Time 13.770 (17.674)  Loss 0.1520 (0.1921)  Prec@1 94.000 (94.600)
Epoch: [185][100/109] Time 15.229 (17.101)  Loss 0.1961 (0.1871)  Prec@1 98.000 (95.200)
Current learning rate is 0.001000:
Epoch: [186][50/109]  Time 13.448 (17.853)  Loss 0.0947 (0.1785)  Prec@1 100.000 (95.800)
Epoch: [186][100/109] Time 13.862 (17.129)  Loss 0.1482 (0.1720)  Prec@1 94.000 (95.800)
Current learning rate is 0.001000:
Epoch: [187][50/109]  Time 13.207 (17.842)  Loss 0.2491 (0.1814)  Prec@1 92.000 (95.800)
Epoch: [187][100/109] Time 13.232 (17.078)  Loss 0.2606 (0.1805)  Prec@1 92.000 (95.600)
Current learning rate is 0.001000:
Epoch: [188][50/109]  Time 12.959 (17.700)  Loss 0.1254 (0.1746)  Prec@1 98.000 (95.000)
Epoch: [188][100/109] Time 14.159 (17.085)  Loss 0.1116 (0.1618)  Prec@1 98.000 (96.000)
Current learning rate is 0.001000:
Epoch: [189][50/109]  Time 15.290 (17.921)  Loss 0.2465 (0.1998)  Prec@1 94.000 (94.200)
Epoch: [189][100/109] Time 13.484 (17.098)  Loss 0.1707 (0.1899)  Prec@1 94.000 (95.000)
Current learning rate is 0.001000:
Epoch: [190][50/109]  Time 15.186 (17.825)  Loss 0.1809 (0.1684)  Prec@1 94.000 (94.800)
Epoch: [190][100/109] Time 13.937 (17.080)  Loss 0.1691 (0.1754)  Prec@1 96.000 (95.200)
Current learning rate is 0.001000:
Epoch: [191][50/109]  Time 14.236 (17.768)  Loss 0.1500 (0.1781)  Prec@1 96.000 (95.400)
Epoch: [191][100/109] Time 13.595 (17.066)  Loss 0.1614 (0.1881)  Prec@1 98.000 (95.100)
Current learning rate is 0.001000:
Epoch: [192][50/109]  Time 13.865 (17.618)  Loss 0.3804 (0.1904)  Prec@1 86.000 (94.800)
Epoch: [192][100/109] Time 12.939 (16.988)  Loss 0.2111 (0.1906)  Prec@1 92.000 (94.500)
Current learning rate is 0.001000:
Epoch: [193][50/109]  Time 13.314 (17.762)  Loss 0.1357 (0.1847)  Prec@1 98.000 (94.200)
Epoch: [193][100/109] Time 13.307 (17.154)  Loss 0.2633 (0.1688)  Prec@1 88.000 (94.700)
Current learning rate is 0.001000:
Epoch: [194][50/109]  Time 15.600 (17.825)  Loss 0.1960 (0.1610)  Prec@1 92.000 (95.600)
Epoch: [194][100/109] Time 14.104 (17.082)  Loss 0.1384 (0.1461)  Prec@1 96.000 (96.000)
Current learning rate is 0.001000:
Epoch: [195][50/109]  Time 14.015 (17.758)  Loss 0.2739 (0.1903)  Prec@1 92.000 (94.600)
Epoch: [195][100/109] Time 13.463 (17.194)  Loss 0.0974 (0.1727)  Prec@1 98.000 (95.000)
Current learning rate is 0.001000:
Epoch: [196][50/109]  Time 13.818 (17.784)  Loss 0.1122 (0.1728)  Prec@1 98.000 (95.200)
Epoch: [196][100/109] Time 13.873 (17.125)  Loss 0.0854 (0.1720)  Prec@1 98.000 (95.200)
Current learning rate is 0.001000:
Epoch: [197][50/109]  Time 14.192 (17.619)  Loss 0.0715 (0.1415)  Prec@1 98.000 (97.000)
Epoch: [197][100/109] Time 14.424 (17.035)  Loss 0.1711 (0.1660)  Prec@1 96.000 (95.800)
Current learning rate is 0.001000:
Epoch: [198][50/109]  Time 15.830 (18.106)  Loss 0.1455 (0.1613)  Prec@1 96.000 (96.000)
Epoch: [198][100/109] Time 13.493 (17.076)  Loss 0.1129 (0.1869)  Prec@1 96.000 (94.800)
Current learning rate is 0.001000:
Epoch: [199][50/109]  Time 14.480 (17.644)  Loss 0.1412 (0.1611)  Prec@1 96.000 (95.400)
Epoch: [199][100/109] Time 13.533 (17.042)  Loss 0.1870 (0.1792)  Prec@1 94.000 (94.700)
Test: [0/16]  Time 40.037 (40.037)  Loss 0.2593 (0.2593)  Prec@1 90.000 (90.000)  Prec@3 100.000 (100.000)
 * Prec@1 87.662 Prec@3 98.701
Current learning rate is 0.001000:
Epoch: [200][50/109]  Time 27.064 (20.728)  Loss 0.1442 (0.1561)  Prec@1 96.000 (95.800)
Epoch: [200][100/109] Time 11.129 (20.225)  Loss 0.0687 (0.1535)  Prec@1 100.000 (96.600)
Current learning rate is 0.001000:
Epoch: [201][50/109]  Time 14.500 (18.414)  Loss 0.1679 (0.1501)  Prec@1 96.000 (94.600)
Epoch: [201][100/109] Time 13.286 (18.142)  Loss 0.1218 (0.1581)  Prec@1 94.000 (94.900)
Current learning rate is 0.001000:
Epoch: [202][50/109]  Time 12.997 (17.719)  Loss 0.1464 (0.1603)  Prec@1 96.000 (95.400)
Epoch: [202][100/109] Time 14.920 (17.125)  Loss 0.1194 (0.1650)  Prec@1 98.000 (95.300)
Current learning rate is 0.001000:
Epoch: [203][50/109]  Time 15.481 (18.359)  Loss 0.1714 (0.1431)  Prec@1 96.000 (96.800)
Epoch: [203][100/109] Time 14.262 (17.278)  Loss 0.1656 (0.1609)  Prec@1 94.000 (96.400)
Current learning rate is 0.001000:
Epoch: [204][50/109]  Time 15.882 (17.998)  Loss 0.1345 (0.1593)  Prec@1 98.000 (96.000)
Epoch: [204][100/109] Time 13.739 (17.179)  Loss 0.1458 (0.1595)  Prec@1 92.000 (95.800)
Current learning rate is 0.001000:
Epoch: [205][50/109]  Time 14.328 (17.777)  Loss 0.1411 (0.1820)  Prec@1 96.000 (95.000)
Epoch: [205][100/109] Time 13.596 (17.041)  Loss 0.1404 (0.1686)  Prec@1 100.000 (95.800)
Current learning rate is 0.001000:
Epoch: [206][50/109]  Time 14.403 (17.403)  Loss 0.1083 (0.1466)  Prec@1 100.000 (97.000)
Epoch: [206][100/109] Time 12.820 (17.142)  Loss 0.2065 (0.1415)  Prec@1 94.000 (96.900)
Current learning rate is 0.001000:
Epoch: [207][50/109]  Time 13.872 (17.875)  Loss 0.2115 (0.1693)  Prec@1 92.000 (95.200)
Epoch: [207][100/109] Time 14.668 (17.020)  Loss 0.1585 (0.1585)  Prec@1 92.000 (95.300)
Current learning rate is 0.001000:
Epoch: [208][50/109]  Time 13.497 (17.889)  Loss 0.1653 (0.1799)  Prec@1 92.000 (95.400)
Epoch: [208][100/109] Time 13.959 (17.160)  Loss 0.1315 (0.1778)  Prec@1 100.000 (95.500)
Current learning rate is 0.001000:
Epoch: [209][50/109]  Time 13.423 (17.619)  Loss 0.1183 (0.1344)  Prec@1 94.000 (97.000)
Epoch: [209][100/109] Time 16.765 (16.983)  Loss 0.1577 (0.1438)  Prec@1 96.000 (97.100)
Current learning rate is 0.001000:
Epoch: [210][50/109]  Time 17.913 (17.917)  Loss 0.1370 (0.1514)  Prec@1 100.000 (97.600)
Epoch: [210][100/109] Time 13.765 (17.079)  Loss 0.1878 (0.1635)  Prec@1 98.000 (96.200)
Current learning rate is 0.001000:
Epoch: [211][50/109]  Time 17.413 (18.080)  Loss 0.2051 (0.1170)  Prec@1 94.000 (98.000)
Epoch: [211][100/109] Time 13.676 (17.123)  Loss 0.2649 (0.1422)  Prec@1 94.000 (96.500)
Current learning rate is 0.001000:
Epoch: [212][50/109]  Time 13.676 (17.628)  Loss 0.1654 (0.1688)  Prec@1 96.000 (94.800)
Epoch: [212][100/109] Time 13.624 (17.058)  Loss 0.2143 (0.1517)  Prec@1 94.000 (96.000)
Current learning rate is 0.001000:
Epoch: [213][50/109]  Time 15.247 (17.730)  Loss 0.2047 (0.1464)  Prec@1 96.000 (96.200)
Epoch: [213][100/109] Time 12.889 (17.003)  Loss 0.1882 (0.1629)  Prec@1 94.000 (95.500)
Current learning rate is 0.001000:
Epoch: [214][50/109]  Time 17.076 (17.695)  Loss 0.1579 (0.1515)  Prec@1 96.000 (96.200)
Epoch: [214][100/109] Time 14.154 (17.014)  Loss 0.1214 (0.1527)  Prec@1 98.000 (96.000)
Current learning rate is 0.001000:
Epoch: [215][50/109]  Time 13.228 (17.724)  Loss 0.1340 (0.1756)  Prec@1 96.000 (94.600)
Epoch: [215][100/109] Time 16.159 (16.941)  Loss 0.1066 (0.1786)  Prec@1 98.000 (94.900)
Current learning rate is 0.001000:
Epoch: [216][50/109]  Time 16.985 (17.669)  Loss 0.2089 (0.1423)  Prec@1 94.000 (96.800)
Epoch: [216][100/109] Time 13.334 (16.957)  Loss 0.1954 (0.1813)  Prec@1 94.000 (95.000)
Current learning rate is 0.001000:
Epoch: [217][50/109]  Time 13.337 (17.459)  Loss 0.1492 (0.1616)  Prec@1 98.000 (96.000)
Epoch: [217][100/109] Time 13.109 (17.048)  Loss 0.2286 (0.1602)  Prec@1 94.000 (95.900)
Current learning rate is 0.001000:
Epoch: [218][50/109]  Time 12.642 (17.599)  Loss 0.0958 (0.1239)  Prec@1 98.000 (97.000)
Epoch: [218][100/109] Time 14.341 (16.909)  Loss 0.1049 (0.1469)  Prec@1 100.000 (96.100)
Current learning rate is 0.001000:
Epoch: [219][50/109]  Time 13.706 (17.843)  Loss 0.2163 (0.1650)  Prec@1 94.000 (95.400)
Epoch: [219][100/109] Time 14.887 (17.017)  Loss 0.1703 (0.1517)  Prec@1 94.000 (95.800)
Current learning rate is 0.001000:
Epoch: [220][50/109]  Time 12.595 (17.628)  Loss 0.1891 (0.1399)  Prec@1 92.000 (96.200)
Epoch: [220][100/109] Time 14.112 (17.016)  Loss 0.1442 (0.1464)  Prec@1 96.000 (95.900)
Current learning rate is 0.001000:
Epoch: [221][50/109]  Time 12.608 (17.697)  Loss 0.1874 (0.1664)  Prec@1 96.000 (94.600)
Epoch: [221][100/109] Time 13.014 (17.030)  Loss 0.1118 (0.1483)  Prec@1 96.000 (95.600)
Current learning rate is 0.001000:
Epoch: [222][50/109]  Time 13.592 (18.088)  Loss 0.1194 (0.1706)  Prec@1 98.000 (94.800)
Epoch: [222][100/109] Time 13.837 (17.178)  Loss 0.0852 (0.1526)  Prec@1 98.000 (95.400)
Current learning rate is 0.001000:
Epoch: [223][50/109]  Time 17.452 (18.006)  Loss 0.1773 (0.1474)  Prec@1 96.000 (96.000)
Epoch: [223][100/109] Time 14.028 (17.107)  Loss 0.1573 (0.1592)  Prec@1 98.000 (95.800)
Current learning rate is 0.001000:
Epoch: [224][50/109]  Time 13.545 (17.499)  Loss 0.1091 (0.1282)  Prec@1 98.000 (96.600)
Epoch: [224][100/109] Time 13.413 (16.965)  Loss 0.1725 (0.1460)  Prec@1 94.000 (95.600)
Test: [0/16]  Time 34.879 (34.879)  Loss 0.4123 (0.4123)  Prec@1 70.000 (70.000)  Prec@3 100.000 (100.000)
 * Prec@1 86.364 Prec@3 97.403
Current learning rate is 0.001000:
Epoch: [225][50/109]  Time 14.163 (17.885)  Loss 0.0627 (0.1339)  Prec@1 98.000 (96.000)
Epoch: [225][100/109] Time 14.624 (17.144)  Loss 0.2583 (0.1524)  Prec@1 94.000 (95.400)
Current learning rate is 0.001000:
Epoch: [226][50/109]  Time 13.533 (17.977)  Loss 0.1062 (0.1353)  Prec@1 98.000 (96.000)
Epoch: [226][100/109] Time 13.527 (17.143)  Loss 0.1932 (0.1445)  Prec@1 94.000 (96.100)
Current learning rate is 0.001000:
Epoch: [227][50/109]  Time 13.287 (18.028)  Loss 0.1445 (0.1637)  Prec@1 96.000 (95.200)
Epoch: [227][100/109] Time 15.574 (17.149)  Loss 0.2192 (0.1717)  Prec@1 98.000 (95.300)
Current learning rate is 0.001000:
Epoch: [228][50/109]  Time 13.902 (18.072)  Loss 0.1988 (0.1347)  Prec@1 94.000 (97.400)
Epoch: [228][100/109] Time 14.778 (17.240)  Loss 0.2335 (0.1489)  Prec@1 90.000 (96.600)
Current learning rate is 0.001000:
Epoch: [229][50/109]  Time 14.503 (17.919)  Loss 0.1148 (0.1705)  Prec@1 98.000 (95.600)
Epoch: [229][100/109] Time 14.105 (17.199)  Loss 0.2278 (0.1582)  Prec@1 94.000 (96.200)
Current learning rate is 0.001000:
Epoch: [230][50/109]  Time 16.536 (17.594)  Loss 0.1568 (0.1247)  Prec@1 96.000 (97.400)
Epoch: [230][100/109] Time 14.017 (17.377)  Loss 0.2247 (0.1455)  Prec@1 90.000 (96.700)
Current learning rate is 0.001000:
Epoch: [231][50/109]  Time 15.646 (18.349)  Loss 0.0989 (0.1424)  Prec@1 100.000 (96.400)
Epoch: [231][100/109] Time 14.237 (17.435)  Loss 0.1161 (0.1480)  Prec@1 98.000 (96.400)
Current learning rate is 0.001000:
Epoch: [232][50/109]  Time 16.151 (17.882)  Loss 0.1408 (0.1524)  Prec@1 98.000 (96.400)
Epoch: [232][100/109] Time 13.793 (17.106)  Loss 0.1909 (0.1589)  Prec@1 96.000 (96.000)
Current learning rate is 0.001000:
Epoch: [233][50/109]  Time 13.019 (17.957)  Loss 0.1638 (0.1341)  Prec@1 94.000 (96.200)
Epoch: [233][100/109] Time 14.699 (17.224)  Loss 0.1107 (0.1313)  Prec@1 98.000 (97.100)
Current learning rate is 0.001000:
Epoch: [234][50/109]  Time 14.293 (17.798)  Loss 0.1004 (0.1449)  Prec@1 100.000 (97.200)
Epoch: [234][100/109] Time 14.413 (17.088)  Loss 0.1100 (0.1394)  Prec@1 98.000 (96.900)
Current learning rate is 0.001000:
Epoch: [235][50/109]  Time 17.850 (17.957)  Loss 0.1310 (0.1300)  Prec@1 96.000 (96.600)
Epoch: [235][100/109] Time 13.231 (17.139)  Loss 0.1383 (0.1211)  Prec@1 96.000 (97.300)
Current learning rate is 0.001000:
Epoch: [236][50/109]  Time 13.561 (17.953)  Loss 0.0859 (0.1343)  Prec@1 100.000 (96.600)
Epoch: [236][100/109] Time 13.237 (17.188)  Loss 0.1927 (0.1393)  Prec@1 90.000 (96.200)
Current learning rate is 0.001000:
Epoch: [237][50/109]  Time 14.576 (17.536)  Loss 0.1214 (0.1368)  Prec@1 98.000 (96.000)
Epoch: [237][100/109] Time 14.416 (17.102)  Loss 0.1247 (0.1367)  Prec@1 98.000 (96.600)
Current learning rate is 0.001000:
Epoch: [238][50/109]  Time 13.988 (17.731)  Loss 0.1457 (0.1392)  Prec@1 96.000 (96.600)
Epoch: [238][100/109] Time 13.038 (17.097)  Loss 0.0927 (0.1492)  Prec@1 96.000 (95.700)
Current learning rate is 0.001000:
Epoch: [239][50/109]  Time 14.547 (17.780)  Loss 0.1180 (0.1316)  Prec@1 96.000 (96.800)
Epoch: [239][100/109] Time 13.477 (17.141)  Loss 0.1058 (0.1265)  Prec@1 100.000 (97.300)
Current learning rate is 0.001000:
Epoch: [240][50/109]  Time 13.856 (18.093)  Loss 0.1593 (0.1284)  Prec@1 94.000 (96.800)
Epoch: [240][100/109] Time 13.298 (17.129)  Loss 0.0859 (0.1246)  Prec@1 100.000 (97.400)
Current learning rate is 0.001000:
Epoch: [241][50/109]  Time 13.915 (17.681)  Loss 0.1119 (0.1632)  Prec@1 100.000 (96.600)
Epoch: [241][100/109] Time 13.191 (17.093)  Loss 0.1530 (0.1455)  Prec@1 92.000 (96.700)
Current learning rate is 0.001000:
Epoch: [242][50/109]  Time 18.761 (18.011)  Loss 0.1520 (0.1470)  Prec@1 96.000 (95.600)
Epoch: [242][100/109] Time 13.594 (17.166)  Loss 0.2299 (0.1491)  Prec@1 94.000 (96.000)
Current learning rate is 0.001000:
Epoch: [243][50/109]  Time 15.459 (17.847)  Loss 0.0820 (0.1342)  Prec@1 98.000 (97.000)
Epoch: [243][100/109] Time 13.500 (17.029)  Loss 0.1393 (0.1313)  Prec@1 96.000 (97.000)
Current learning rate is 0.001000:
Epoch: [244][50/109]  Time 15.592 (17.705)  Loss 0.1656 (0.1434)  Prec@1 94.000 (95.000)
Epoch: [244][100/109] Time 14.405 (17.100)  Loss 0.1003 (0.1462)  Prec@1 98.000 (95.600)
Current learning rate is 0.001000:
Epoch: [245][50/109]  Time 13.951 (17.644)  Loss 0.1442 (0.1301)  Prec@1 96.000 (95.800)
Epoch: [245][100/109] Time 13.313 (17.161)  Loss 0.1673 (0.1369)  Prec@1 94.000 (96.300)
Current learning rate is 0.001000:
Epoch: [246][50/109]  Time 14.131 (17.888)  Loss 0.0974 (0.1220)  Prec@1 100.000 (97.000)
Epoch: [246][100/109] Time 13.620 (17.160)  Loss 0.2111 (0.1206)  Prec@1 94.000 (97.500)
Current learning rate is 0.001000:
Epoch: [247][50/109]  Time 17.271 (18.261)  Loss 0.1101 (0.1250)  Prec@1 100.000 (97.200)
Epoch: [247][100/109] Time 13.346 (17.254)  Loss 0.1022 (0.1315)  Prec@1 100.000 (97.000)
Current learning rate is 0.001000:
Epoch: [248][50/109]  Time 15.769 (17.933)  Loss 0.0772 (0.1153)  Prec@1 96.000 (97.400)
Epoch: [248][100/109] Time 13.763 (17.094)  Loss 0.1702 (0.1334)  Prec@1 96.000 (96.900)
Current learning rate is 0.001000:
Epoch: [249][50/109]  Time 17.813 (17.791)  Loss 0.1121 (0.1357)  Prec@1 98.000 (96.600)
Epoch: [249][100/109] Time 14.938 (17.081)  Loss 0.1249 (0.1261)  Prec@1 96.000 (96.800)
Test: [0/16]  Time 37.006 (37.006)  Loss 2.2893 (2.2893)  Prec@1 80.000 (80.000)  Prec@3 80.000 (80.000)
 * Prec@1 79.221 Prec@3 95.455
Current learning rate is 0.000100:
Epoch: [250][50/109]  Time 20.166 (22.724)  Loss 0.0640 (0.1090)  Prec@1 100.000 (97.800)
Epoch: [250][100/109] Time 16.054 (23.318)  Loss 0.1237 (0.1086)  Prec@1 98.000 (98.200)
Current learning rate is 0.000100:
Epoch: [251][50/109]  Time 25.898 (19.709)  Loss 0.1202 (0.1252)  Prec@1 96.000 (96.400)
Epoch: [251][100/109] Time 15.844 (19.157)  Loss 0.1778 (0.1347)  Prec@1 98.000 (96.800)
Current learning rate is 0.000100:
Epoch: [252][50/109]  Time 16.801 (18.355)  Loss 0.2465 (0.1431)  Prec@1 90.000 (96.000)
Epoch: [252][100/109] Time 15.306 (17.838)  Loss 0.1749 (0.1448)  Prec@1 96.000 (96.100)
Current learning rate is 0.000100:
Epoch: [253][50/109]  Time 19.709 (18.211)  Loss 0.1866 (0.1399)  Prec@1 92.000 (95.400)
Epoch: [253][100/109] Time 13.558 (17.410)  Loss 0.1375 (0.1325)  Prec@1 96.000 (95.900)
Current learning rate is 0.000100:
Epoch: [254][50/109]  Time 27.510 (19.369)  Loss 0.0679 (0.1050)  Prec@1 98.000 (97.600)
Epoch: [254][100/109] Time 13.950 (17.827)  Loss 0.1834 (0.1208)  Prec@1 96.000 (97.100)
Current learning rate is 0.000100:
Epoch: [255][50/109]  Time 13.328 (17.823)  Loss 0.1108 (0.1279)  Prec@1 96.000 (96.400)
Epoch: [255][100/109] Time 13.159 (17.082)  Loss 0.1436 (0.1404)  Prec@1 94.000 (96.400)
Current learning rate is 0.000100:
Epoch: [256][50/109]  Time 14.516 (17.791)  Loss 0.1712 (0.1337)  Prec@1 96.000 (96.400)
Epoch: [256][100/109] Time 14.057 (17.035)  Loss 0.1123 (0.1296)  Prec@1 98.000 (96.700)
Current learning rate is 0.000100:
Epoch: [257][50/109]  Time 14.310 (17.905)  Loss 0.3705 (0.1425)  Prec@1 94.000 (97.000)
Epoch: [257][100/109] Time 12.815 (17.090)  Loss 0.1392 (0.1474)  Prec@1 96.000 (96.200)
Current learning rate is 0.000100:
Epoch: [258][50/109]  Time 16.075 (17.957)  Loss 0.1276 (0.1388)  Prec@1 98.000 (97.200)
Epoch: [258][100/109] Time 13.645 (17.100)  Loss 0.0657 (0.1306)  Prec@1 100.000 (97.400)
Current learning rate is 0.000100:
Epoch: [259][50/109]  Time 13.582 (17.914)  Loss 0.1231 (0.0993)  Prec@1 96.000 (98.200)
Epoch: [259][100/109] Time 13.231 (17.179)  Loss 0.0685 (0.1209)  Prec@1 98.000 (97.300)
Current learning rate is 0.000100:
Epoch: [260][50/109]  Time 13.604 (17.609)  Loss 0.0742 (0.1218)  Prec@1 98.000 (96.800)
Epoch: [260][100/109] Time 13.010 (16.962)  Loss 0.0837 (0.1399)  Prec@1 98.000 (96.100)
Current learning rate is 0.000100:
Epoch: [261][50/109]  Time 14.908 (17.885)  Loss 0.0793 (0.1337)  Prec@1 100.000 (97.200)
Epoch: [261][100/109] Time 16.074 (17.164)  Loss 0.2401 (0.1456)  Prec@1 96.000 (96.500)
Current learning rate is 0.000100:
Epoch: [262][50/109]  Time 17.283 (17.875)  Loss 0.1049 (0.1403)  Prec@1 98.000 (97.600)
Epoch: [262][100/109] Time 13.614 (17.063)  Loss 0.1904 (0.1252)  Prec@1 94.000 (97.900)
Current learning rate is 0.000100:
Epoch: [263][50/109]  Time 14.312 (17.829)  Loss 0.0720 (0.1331)  Prec@1 98.000 (96.800)
Epoch: [263][100/109] Time 14.077 (17.072)  Loss 0.1305 (0.1323)  Prec@1 98.000 (97.100)
Current learning rate is 0.000100:
Epoch: [264][50/109]  Time 14.082 (17.789)  Loss 0.1941 (0.1303)  Prec@1 94.000 (97.200)
Epoch: [264][100/109] Time 13.598 (17.046)  Loss 0.1382 (0.1410)  Prec@1 96.000 (96.500)
Current learning rate is 0.000100:
Epoch: [265][50/109]  Time 14.874 (17.775)  Loss 0.1880 (0.1500)  Prec@1 94.000 (95.800)
Epoch: [265][100/109] Time 14.149 (17.021)  Loss 0.0606 (0.1324)  Prec@1 100.000 (96.900)
Current learning rate is 0.000100:
Epoch: [266][50/109]  Time 19.913 (17.850)  Loss 0.1903 (0.1470)  Prec@1 92.000 (95.200)
Epoch: [266][100/109] Time 14.783 (17.044)  Loss 0.1678 (0.1477)  Prec@1 96.000 (95.400)
Current learning rate is 0.000100:
Epoch: [267][50/109]  Time 14.211 (17.721)  Loss 0.1264 (0.1268)  Prec@1 98.000 (96.800)
Epoch: [267][100/109] Time 15.527 (17.084)  Loss 0.1412 (0.1437)  Prec@1 96.000 (96.100)
Current learning rate is 0.000100:
Epoch: [268][50/109]  Time 13.572 (17.867)  Loss 0.0433 (0.1176)  Prec@1 100.000 (97.000)
Epoch: [268][100/109] Time 13.412 (17.036)  Loss 0.1530 (0.1225)  Prec@1 96.000 (97.100)
Current learning rate is 0.000100:
Epoch: [269][50/109]  Time 12.691 (17.505)  Loss 0.1100 (0.1270)  Prec@1 94.000 (97.200)
Epoch: [269][100/109] Time 16.771 (17.079)  Loss 0.0735 (0.1238)  Prec@1 100.000 (97.000)
Current learning rate is 0.000100:
Epoch: [270][50/109]  Time 13.117 (17.698)  Loss 0.0970 (0.1453)  Prec@1 98.000 (96.800)
Epoch: [270][100/109] Time 13.136 (17.031)  Loss 0.0852 (0.1366)  Prec@1 100.000 (96.800)
Current learning rate is 0.000100:
Epoch: [271][50/109]  Time 14.377 (17.819)  Loss 0.1242 (0.1580)  Prec@1 94.000 (95.400)
Epoch: [271][100/109] Time 14.400 (16.994)  Loss 0.1788 (0.1439)  Prec@1 94.000 (96.100)
Current learning rate is 0.000100:
Epoch: [272][50/109]  Time 13.875 (17.991)  Loss 0.1180 (0.1278)  Prec@1 96.000 (97.000)
Epoch: [272][100/109] Time 17.213 (17.189)  Loss 0.1756 (0.1265)  Prec@1 90.000 (96.900)
Current learning rate is 0.000100:
Epoch: [273][50/109]  Time 13.938 (17.804)  Loss 0.1574 (0.1505)  Prec@1 94.000 (95.600)
Epoch: [273][100/109] Time 12.926 (17.092)  Loss 0.1811 (0.1419)  Prec@1 94.000 (96.100)
Current learning rate is 0.000100:
Epoch: [274][50/109]  Time 13.571 (17.661)  Loss 0.0890 (0.1184)  Prec@1 100.000 (97.400)
Epoch: [274][100/109] Time 13.493 (16.859)  Loss 0.1242 (0.1406)  Prec@1 98.000 (96.500)
Test: [0/16]  Time 37.726 (37.726)  Loss 0.0838 (0.0838)  Prec@1 100.000 (100.000)  Prec@3 100.000 (100.000)
 * Prec@1 90.909 Prec@3 97.403
Current learning rate is 0.000100:
Epoch: [275][50/109]  Time 14.920 (18.195)  Loss 0.1184 (0.1350)  Prec@1 96.000 (96.200)
Epoch: [275][100/109] Time 13.490 (17.191)  Loss 0.1193 (0.1291)  Prec@1 96.000 (96.400)
Current learning rate is 0.000100:
Epoch: [276][50/109]  Time 12.930 (17.630)  Loss 0.1241 (0.1333)  Prec@1 94.000 (96.600)
Epoch: [276][100/109] Time 16.692 (17.240)  Loss 0.1449 (0.1272)  Prec@1 94.000 (96.700)
Current learning rate is 0.000100:
Epoch: [277][50/109]  Time 13.318 (17.987)  Loss 0.0895 (0.1313)  Prec@1 100.000 (97.000)
Epoch: [277][100/109] Time 16.120 (17.225)  Loss 0.1477 (0.1166)  Prec@1 98.000 (97.500)
Current learning rate is 0.000100:
Epoch: [278][50/109]  Time 13.034 (17.672)  Loss 0.1175 (0.1560)  Prec@1 96.000 (95.600)
Epoch: [278][100/109] Time 13.588 (17.104)  Loss 0.1126 (0.1477)  Prec@1 96.000 (96.100)
Current learning rate is 0.000100:
Epoch: [279][50/109]  Time 13.312 (17.818)  Loss 0.0759 (0.1662)  Prec@1 100.000 (95.800)
Epoch: [279][100/109] Time 13.903 (17.109)  Loss 0.1854 (0.1452)  Prec@1 92.000 (96.500)
Current learning rate is 0.000100:
Epoch: [280][50/109]  Time 13.150 (17.932)  Loss 0.0822 (0.1256)  Prec@1 94.000 (97.200)
Epoch: [280][100/109] Time 13.518 (17.084)  Loss 0.0637 (0.1273)  Prec@1 100.000 (97.400)
Current learning rate is 0.000100:
Epoch: [281][50/109]  Time 12.931 (17.693)  Loss 0.2258 (0.1609)  Prec@1 96.000 (95.000)
Epoch: [281][100/109] Time 16.154 (17.157)  Loss 0.1066 (0.1405)  Prec@1 98.000 (96.200)
Current learning rate is 0.000100:
Epoch: [282][50/109]  Time 12.969 (17.915)  Loss 0.0728 (0.1138)  Prec@1 100.000 (98.000)
Epoch: [282][100/109] Time 13.512 (17.140)  Loss 0.2110 (0.1274)  Prec@1 96.000 (97.400)
Current learning rate is 0.000100:
Epoch: [283][50/109]  Time 13.274 (17.754)  Loss 0.1760 (0.1222)  Prec@1 96.000 (97.600)
Epoch: [283][100/109] Time 13.579 (17.128)  Loss 0.1353 (0.1226)  Prec@1 96.000 (96.900)
Current learning rate is 0.000100:
Epoch: [284][50/109]  Time 13.236 (17.707)  Loss 0.0749 (0.1447)  Prec@1 100.000 (96.600)
Epoch: [284][100/109] Time 13.718 (17.088)  Loss 0.1532 (0.1347)  Prec@1 96.000 (97.000)
Current learning rate is 0.000100:
Epoch: [285][50/109]  Time 13.241 (17.912)  Loss 0.0530 (0.1331)  Prec@1 100.000 (96.600)
Epoch: [285][100/109] Time 13.960 (17.252)  Loss 0.1441 (0.1358)  Prec@1 94.000 (96.500)
Current learning rate is 0.000100:
Epoch: [286][50/109]  Time 13.730 (17.837)  Loss 0.1186 (0.1201)  Prec@1 100.000 (97.400)
Epoch: [286][100/109] Time 13.772 (17.120)  Loss 0.0971 (0.1212)  Prec@1 96.000 (97.300)
Current learning rate is 0.000100:
Epoch: [287][50/109]  Time 14.324 (17.759)  Loss 0.1804 (0.1220)  Prec@1 96.000 (98.000)
Epoch: [287][100/109] Time 13.565 (17.041)  Loss 0.1024 (0.1140)  Prec@1 98.000 (97.500)
Current learning rate is 0.000100:
Epoch: [288][50/109]  Time 13.947 (17.533)  Loss 0.1674 (0.1466)  Prec@1 96.000 (96.400)
Epoch: [288][100/109] Time 13.832 (17.153)  Loss 0.1029 (0.1293)  Prec@1 98.000 (97.000)
Current learning rate is 0.000100:
Epoch: [289][50/109]  Time 14.037 (17.849)  Loss 0.1402 (0.1187)  Prec@1 98.000 (97.600)
Epoch: [289][100/109] Time 13.762 (17.075)  Loss 0.0735 (0.1268)  Prec@1 98.000 (97.300)
Current learning rate is 0.000100:
Epoch: [290][50/109]  Time 13.709 (17.820)  Loss 0.0554 (0.1344)  Prec@1 100.000 (96.400)
Epoch: [290][100/109] Time 13.467 (17.089)  Loss 0.2204 (0.1267)  Prec@1 94.000 (96.600)
Current learning rate is 0.000100:
Epoch: [291][50/109]  Time 13.734 (17.699)  Loss 0.1008 (0.1023)  Prec@1 98.000 (97.400)
Epoch: [291][100/109] Time 13.890 (17.092)  Loss 0.2423 (0.1084)  Prec@1 94.000 (97.600)
Current learning rate is 0.000100:
Epoch: [292][50/109]  Time 16.984 (17.954)  Loss 0.0722 (0.1154)  Prec@1 100.000 (97.600)
Epoch: [292][100/109] Time 13.374 (17.072)  Loss 0.0896 (0.1250)  Prec@1 98.000 (97.600)
Current learning rate is 0.000100:
Epoch: [293][50/109]  Time 13.543 (17.792)  Loss 0.1069 (0.1147)  Prec@1 96.000 (96.400)
Epoch: [293][100/109] Time 13.686 (17.256)  Loss 0.1192 (0.1311)  Prec@1 96.000 (96.300)
Current learning rate is 0.000100:
Epoch: [294][50/109]  Time 14.068 (17.842)  Loss 0.1021 (0.1206)  Prec@1 100.000 (96.800)
Epoch: [294][100/109] Time 13.718 (17.028)  Loss 0.1320 (0.1334)  Prec@1 98.000 (96.500)
Current learning rate is 0.000100:
Epoch: [295][50/109]  Time 13.754 (17.773)  Loss 0.1535 (0.1218)  Prec@1 94.000 (96.800)
Epoch: [295][100/109] Time 13.132 (17.208)  Loss 0.1047 (0.1315)  Prec@1 96.000 (96.300)
Current learning rate is 0.000100:
Epoch: [296][50/109]  Time 15.771 (17.923)  Loss 0.1116 (0.1602)  Prec@1 98.000 (95.400)
Epoch: [296][100/109] Time 13.481 (17.025)  Loss 0.1089 (0.1416)  Prec@1 98.000 (95.900)
Current learning rate is 0.000100:
Epoch: [297][50/109]  Time 14.466 (17.815)  Loss 0.1406 (0.1330)  Prec@1 96.000 (95.600)
Epoch: [297][100/109] Time 13.267 (17.138)  Loss 0.1777 (0.1324)  Prec@1 94.000 (95.900)
Current learning rate is 0.000100:
Epoch: [298][50/109]  Time 14.760 (17.923)  Loss 0.0781 (0.1391)  Prec@1 98.000 (96.200)
Epoch: [298][100/109] Time 13.475 (17.163)  Loss 0.1405 (0.1360)  Prec@1 96.000 (96.000)
Current learning rate is 0.000100:
Epoch: [299][50/109]  Time 14.956 (17.952)  Loss 0.1291 (0.1240)  Prec@1 96.000 (96.600)
Epoch: [299][100/109] Time 14.582 (17.212)  Loss 0.1827 (0.1184)  Prec@1 94.000 (96.900)
Test: [0/16]  Time 35.679 (35.679)  Loss 1.3691 (1.3691)  Prec@1 70.000 (70.000)  Prec@3 100.000 (100.000)
 * Prec@1 90.909 Prec@3 98.701
Current learning rate is 0.000100:
Epoch: [300][50/109]  Time 27.499 (18.736)  Loss 0.0542 (0.1060)  Prec@1 100.000 (97.200)
Epoch: [300][100/109] Time 14.314 (17.773)  Loss 0.1646 (0.1208)  Prec@1 96.000 (96.700)
Current learning rate is 0.000100:
Epoch: [301][50/109]  Time 17.479 (17.997)  Loss 0.1760 (0.1232)  Prec@1 92.000 (96.600)
Epoch: [301][100/109] Time 16.601 (17.796)  Loss 0.0938 (0.1257)  Prec@1 96.000 (96.600)
Current learning rate is 0.000100:
Epoch: [302][50/109]  Time 30.467 (19.054)  Loss 0.1132 (0.1298)  Prec@1 96.000 (96.200)
Epoch: [302][100/109] Time 14.432 (17.906)  Loss 0.1063 (0.1254)  Prec@1 100.000 (97.200)
Current learning rate is 0.000100:
Epoch: [303][50/109]  Time 14.712 (18.009)  Loss 0.0687 (0.1017)  Prec@1 100.000 (99.000)
Epoch: [303][100/109] Time 15.147 (17.706)  Loss 0.0786 (0.1090)  Prec@1 100.000 (98.300)
Current learning rate is 0.000100:
Epoch: [304][50/109]  Time 13.794 (18.311)  Loss 0.1213 (0.1188)  Prec@1 96.000 (98.000)
Epoch: [304][100/109] Time 13.944 (17.501)  Loss 0.2084 (0.1137)  Prec@1 92.000 (97.800)
Current learning rate is 0.000100:
Epoch: [305][50/109]  Time 12.968 (18.003)  Loss 0.1796 (0.1038)  Prec@1 92.000 (97.800)
Epoch: [305][100/109] Time 12.985 (17.124)  Loss 0.0893 (0.1087)  Prec@1 100.000 (97.700)
Current learning rate is 0.000100:
Epoch: [306][50/109]  Time 16.596 (18.039)  Loss 0.0985 (0.1326)  Prec@1 96.000 (96.400)
Epoch: [306][100/109] Time 13.807 (17.148)  Loss 0.1315 (0.1290)  Prec@1 98.000 (97.000)
Current learning rate is 0.000100:
Epoch: [307][50/109]  Time 14.955 (17.987)  Loss 0.0933 (0.1264)  Prec@1 98.000 (97.200)
Epoch: [307][100/109] Time 12.805 (17.033)  Loss 0.0967 (0.1170)  Prec@1 100.000 (97.600)
Current learning rate is 0.000100:
Epoch: [308][50/109]  Time 15.842 (17.737)  Loss 0.1122 (0.1165)  Prec@1 98.000 (97.600)
Epoch: [308][100/109] Time 13.358 (16.860)  Loss 0.1026 (0.1238)  Prec@1 98.000 (97.000)
Current learning rate is 0.000100:
Epoch: [309][50/109]  Time 12.997 (17.768)  Loss 0.1367 (0.1438)  Prec@1 98.000 (97.000)
Epoch: [309][100/109] Time 13.124 (17.007)  Loss 0.1600 (0.1385)  Prec@1 96.000 (96.900)
Current learning rate is 0.000100:
Epoch: [310][50/109]  Time 13.383 (17.377)  Loss 0.1348 (0.1258)  Prec@1 94.000 (96.600)
Epoch: [310][100/109] Time 19.382 (17.086)  Loss 0.2009 (0.1305)  Prec@1 92.000 (96.200)
Current learning rate is 0.000100:
Epoch: [311][50/109]  Time 14.283 (17.755)  Loss 0.1115 (0.1423)  Prec@1 96.000 (96.400)
Epoch: [311][100/109] Time 13.982 (16.848)  Loss 0.0991 (0.1397)  Prec@1 98.000 (96.100)
Current learning rate is 0.000100:
Epoch: [312][50/109]  Time 16.457 (17.362)  Loss 0.0524 (0.1123)  Prec@1 98.000 (97.800)
Epoch: [312][100/109] Time 16.216 (16.866)  Loss 0.1816 (0.1149)  Prec@1 98.000 (97.800)
Current learning rate is 0.000100:
Epoch: [313][50/109]  Time 15.155 (17.644)  Loss 0.1196 (0.1426)  Prec@1 98.000 (96.200)
Epoch: [313][100/109] Time 14.967 (17.056)  Loss 0.1115 (0.1306)  Prec@1 98.000 (96.600)
Current learning rate is 0.000100:
Epoch: [314][50/109]  Time 14.160 (18.132)  Loss 0.1559 (0.1356)  Prec@1 96.000 (96.800)
Epoch: [314][100/109] Time 13.895 (17.226)  Loss 0.2118 (0.1387)  Prec@1 94.000 (96.800)
Current learning rate is 0.000100:
Epoch: [315][50/109]  Time 13.950 (17.706)  Loss 0.0604 (0.1230)  Prec@1 100.000 (96.800)
Epoch: [315][100/109] Time 14.186 (17.118)  Loss 0.1797 (0.1289)  Prec@1 94.000 (96.600)
Current learning rate is 0.000100:
Epoch: [316][50/109]  Time 15.503 (17.796)  Loss 0.1165 (0.1418)  Prec@1 98.000 (95.800)
Epoch: [316][100/109] Time 12.379 (16.821)  Loss 0.1908 (0.1325)  Prec@1 94.000 (96.300)
Current learning rate is 0.000100:
Epoch: [317][50/109]  Time 13.608 (17.838)  Loss 0.1780 (0.1296)  Prec@1 96.000 (97.200)
Epoch: [317][100/109] Time 13.707 (17.018)  Loss 0.0875 (0.1229)  Prec@1 100.000 (97.300)
Current learning rate is 0.000100:
Epoch: [318][50/109]  Time 13.962 (17.965)  Loss 0.1122 (0.1326)  Prec@1 96.000 (96.200)
Epoch: [318][100/109] Time 12.769 (17.090)  Loss 0.0838 (0.1206)  Prec@1 98.000 (96.800)
Current learning rate is 0.000100:
Epoch: [319][50/109]  Time 15.460 (17.760)  Loss 0.0678 (0.1208)  Prec@1 100.000 (98.000)
Epoch: [319][100/109] Time 13.449 (17.018)  Loss 0.1043 (0.1381)  Prec@1 98.000 (96.700)
Current learning rate is 0.000100:
Epoch: [320][50/109]  Time 13.214 (17.397)  Loss 0.2050 (0.1097)  Prec@1 96.000 (98.000)
Epoch: [320][100/109] Time 13.856 (16.770)  Loss 0.1387 (0.1261)  Prec@1 94.000 (96.800)
Current learning rate is 0.000100:
Epoch: [321][50/109]  Time 13.140 (17.751)  Loss 0.0804 (0.1075)  Prec@1 98.000 (98.000)
Epoch: [321][100/109] Time 13.984 (17.000)  Loss 0.1073 (0.1060)  Prec@1 100.000 (98.200)
Current learning rate is 0.000100:
Epoch: [322][50/109]  Time 18.624 (17.796)  Loss 0.0404 (0.1169)  Prec@1 100.000 (97.600)
Epoch: [322][100/109] Time 14.197 (17.014)  Loss 0.2167 (0.1307)  Prec@1 92.000 (96.800)
Current learning rate is 0.000100:
Epoch: [323][50/109]  Time 13.170 (18.083)  Loss 0.0979 (0.1309)  Prec@1 98.000 (96.400)
Epoch: [323][100/109] Time 13.692 (17.167)  Loss 0.1411 (0.1280)  Prec@1 94.000 (96.500)
Current learning rate is 0.000100:
Epoch: [324][50/109]  Time 13.679 (17.589)  Loss 0.0784 (0.1275)  Prec@1 100.000 (97.200)
Epoch: [324][100/109] Time 13.683 (16.839)  Loss 0.1001 (0.1351)  Prec@1 100.000 (96.800)
Test: [0/16]  Time 38.120 (38.120)  Loss 0.3147 (0.3147)  Prec@1 80.000 (80.000)  Prec@3 100.000 (100.000)
 * Prec@1 81.169 Prec@3 98.701
Current learning rate is 0.000100:
Epoch: [325][50/109]  Time 19.191 (18.204)  Loss 0.1107 (0.0991)  Prec@1 98.000 (97.600)
Epoch: [325][100/109] Time 13.439 (17.279)  Loss 0.0844 (0.1042)  Prec@1 98.000 (97.500)
Current learning rate is 0.000100:
Epoch: [326][50/109]  Time 17.507 (17.930)  Loss 0.1445 (0.1331)  Prec@1 96.000 (97.000)
Epoch: [326][100/109] Time 13.706 (17.064)  Loss 0.1003 (0.1312)  Prec@1 98.000 (96.800)
Current learning rate is 0.000100:
Epoch: [327][50/109]  Time 17.828 (17.993)  Loss 0.2019 (0.1595)  Prec@1 92.000 (96.400)
Epoch: [327][100/109] Time 13.561 (17.175)  Loss 0.0703 (0.1379)  Prec@1 100.000 (96.800)
Current learning rate is 0.000100:
Epoch: [328][50/109]  Time 13.552 (18.159)  Loss 0.1211 (0.1192)  Prec@1 98.000 (97.200)
Epoch: [328][100/109] Time 13.692 (17.187)  Loss 0.1961 (0.1257)  Prec@1 92.000 (96.600)
Current learning rate is 0.000100:
Epoch: [329][50/109]  Time 16.929 (17.943)  Loss 0.1829 (0.1367)  Prec@1 96.000 (97.000)
Epoch: [329][100/109] Time 13.789 (17.146)  Loss 0.0989 (0.1401)  Prec@1 100.000 (97.100)
Current learning rate is 0.000100:
Epoch: [330][50/109]  Time 14.301 (17.680)  Loss 0.2303 (0.1338)  Prec@1 92.000 (96.400)
Epoch: [330][100/109] Time 15.844 (17.164)  Loss 0.1668 (0.1419)  Prec@1 96.000 (96.400)
Current learning rate is 0.000100:
Epoch: [331][50/109]  Time 13.778 (17.765)  Loss 0.1329 (0.1167)  Prec@1 96.000 (97.200)
Epoch: [331][100/109] Time 13.615 (17.150)  Loss 0.1436 (0.1143)  Prec@1 94.000 (97.300)
Current learning rate is 0.000100:
Epoch: [332][50/109]  Time 15.437 (17.971)  Loss 0.0702 (0.1393)  Prec@1 100.000 (95.800)
Epoch: [332][100/109] Time 13.581 (17.044)  Loss 0.1088 (0.1433)  Prec@1 98.000 (96.000)
Current learning rate is 0.000100:
Epoch: [333][50/109]  Time 14.038 (17.772)  Loss 0.1246 (0.1073)  Prec@1 96.000 (97.400)
Epoch: [333][100/109] Time 14.031 (17.204)  Loss 0.1381 (0.1092)  Prec@1 94.000 (97.200)
Current learning rate is 0.000100:
Epoch: [334][50/109]  Time 13.296 (17.742)  Loss 0.2397 (0.1415)  Prec@1 94.000 (96.400)
Epoch: [334][100/109] Time 13.403 (17.167)  Loss 0.0981 (0.1273)  Prec@1 100.000 (97.100)
Current learning rate is 0.000100:
Epoch: [335][50/109]  Time 14.000 (17.674)  Loss 0.1627 (0.1481)  Prec@1 94.000 (95.600)
Epoch: [335][100/109] Time 13.955 (17.224)  Loss 0.1766 (0.1459)  Prec@1 94.000 (96.200)
Current learning rate is 0.000100:
Epoch: [336][50/109]  Time 13.276 (17.759)  Loss 0.0736 (0.1373)  Prec@1 100.000 (97.200)
Epoch: [336][100/109] Time 13.064 (17.024)  Loss 0.2218 (0.1393)  Prec@1 94.000 (97.200)
Current learning rate is 0.000100:
Epoch: [337][50/109]  Time 13.461 (17.958)  Loss 0.1106 (0.1135)  Prec@1 98.000 (97.400)
Epoch: [337][100/109] Time 13.452 (17.061)  Loss 0.1489 (0.1260)  Prec@1 94.000 (97.000)
Current learning rate is 0.000100:
Epoch: [338][50/109]  Time 14.910 (17.730)  Loss 0.0818 (0.1371)  Prec@1 96.000 (96.200)
Epoch: [338][100/109] Time 16.235 (17.117)  Loss 0.1142 (0.1278)  Prec@1 98.000 (96.800)
Current learning rate is 0.000100:
Epoch: [339][50/109]  Time 15.269 (17.769)  Loss 0.0578 (0.1018)  Prec@1 100.000 (98.000)
Epoch: [339][100/109] Time 13.645 (17.046)  Loss 0.1234 (0.1167)  Prec@1 96.000 (97.100)
Current learning rate is 0.000100:
Epoch: [340][50/109]  Time 14.126 (17.832)  Loss 0.3005 (0.1455)  Prec@1 84.000 (95.000)
Epoch: [340][100/109] Time 13.520 (17.080)  Loss 0.1309 (0.1357)  Prec@1 96.000 (95.900)
Current learning rate is 0.000100:
Epoch: [341][50/109]  Time 12.477 (17.957)  Loss 0.0926 (0.0953)  Prec@1 98.000 (98.000)
Epoch: [341][100/109] Time 13.471 (17.130)  Loss 0.1369 (0.1197)  Prec@1 96.000 (97.600)
Current learning rate is 0.000100:
Epoch: [342][50/109]  Time 12.378 (17.963)  Loss 0.1072 (0.1044)  Prec@1 98.000 (97.400)
Epoch: [342][100/109] Time 13.620 (17.078)  Loss 0.0983 (0.1258)  Prec@1 98.000 (96.600)
Current learning rate is 0.000100:
Epoch: [343][50/109]  Time 14.013 (17.962)  Loss 0.1863 (0.1422)  Prec@1 94.000 (96.200)
Epoch: [343][100/109] Time 13.418 (17.070)  Loss 0.1245 (0.1332)  Prec@1 96.000 (96.900)
Current learning rate is 0.000100:
Epoch: [344][50/109]  Time 12.832 (17.883)  Loss 0.0697 (0.1256)  Prec@1 100.000 (97.400)
Epoch: [344][100/109] Time 16.323 (17.104)  Loss 0.1025 (0.1171)  Prec@1 98.000 (97.300)
Current learning rate is 0.000100:
Epoch: [345][50/109]  Time 15.187 (17.749)  Loss 0.1123 (0.1071)  Prec@1 98.000 (97.200)
Epoch: [345][100/109] Time 13.222 (17.076)  Loss 0.1375 (0.1266)  Prec@1 96.000 (96.400)
Current learning rate is 0.000100:
Epoch: [346][50/109]  Time 15.001 (17.751)  Loss 0.1388 (0.0941)  Prec@1 98.000 (99.200)
Epoch: [346][100/109] Time 13.386 (17.263)  Loss 0.1042 (0.1067)  Prec@1 98.000 (97.900)
Current learning rate is 0.000100:
Epoch: [347][50/109]  Time 15.274 (18.073)  Loss 0.1369 (0.1227)  Prec@1 90.000 (96.000)
Epoch: [347][100/109] Time 13.673 (17.089)  Loss 0.1542 (0.1167)  Prec@1 96.000 (96.500)
Current learning rate is 0.000100:
Epoch: [348][50/109]  Time 13.450 (17.678)  Loss 0.0650 (0.1216)  Prec@1 100.000 (96.800)
Epoch: [348][100/109] Time 14.154 (17.234)  Loss 0.1135 (0.1380)  Prec@1 98.000 (96.500)
Current learning rate is 0.000100:
Epoch: [349][50/109]  Time 19.258 (18.025)  Loss 0.1197 (0.1159)  Prec@1 96.000 (97.000)
Epoch: [349][100/109] Time 14.812 (17.898)  Loss 0.1308 (0.1238)  Prec@1 98.000 (96.800)
Test: [0/16]  Time 46.594 (46.594)  Loss 0.2130 (0.2130)  Prec@1 80.000 (80.000)  Prec@3 100.000 (100.000)
 * Prec@1 81.818 Prec@3 97.403